<?xml version="1.0" encoding="UTF-8"?>
<testsuite name="org.tbulens.file.upload.util.ContextLoadingTest" time="0.859" tests="1" errors="0" skipped="0" failures="0">
  <properties>
    <property name="java.runtime.name" value="Java(TM) SE Runtime Environment"/>
    <property name="sun.boot.library.path" value="C:\development\tools\java\sdk\jdk32_1.6.0_33\jre\bin"/>
    <property name="java.vm.version" value="20.8-b03"/>
    <property name="java.vm.vendor" value="Sun Microsystems Inc."/>
    <property name="java.vendor.url" value="http://java.sun.com/"/>
    <property name="path.separator" value=";"/>
    <property name="guice.disable.misplaced.annotation.check" value="true"/>
    <property name="java.vm.name" value="Java HotSpot(TM) Client VM"/>
    <property name="file.encoding.pkg" value="sun.io"/>
    <property name="user.country" value="US"/>
    <property name="sun.java.launcher" value="SUN_STANDARD"/>
    <property name="sun.os.patch.level" value="Service Pack 1"/>
    <property name="java.vm.specification.name" value="Java Virtual Machine Specification"/>
    <property name="user.dir" value="C:\tedwork\mule-file-upload"/>
    <property name="java.runtime.version" value="1.6.0_33-b03"/>
    <property name="java.awt.graphicsenv" value="sun.awt.Win32GraphicsEnvironment"/>
    <property name="java.endorsed.dirs" value="C:\development\tools\java\sdk\jdk32_1.6.0_33\jre\lib\endorsed"/>
    <property name="os.arch" value="x86"/>
    <property name="java.io.tmpdir" value="C:\Windows\TEMP\"/>
    <property name="line.separator" value="&#10;"/>
    <property name="java.vm.specification.vendor" value="Sun Microsystems Inc."/>
    <property name="user.variant" value=""/>
    <property name="os.name" value="Windows 7"/>
    <property name="classworlds.conf" value="C:\tedwork\maven\apache-maven-3.0.5/bin/m2.conf"/>
    <property name="sun.jnu.encoding" value="Cp1252"/>
    <property name="java.library.path" value="C:\development\tools\java\sdk\jdk32_1.6.0_33\bin;C:\Windows\Sun\Java\bin;C:\Windows\system32;C:\Windows;C:\Program Files (x86)\Subversion\svn-win32-1.7.1\bin;C:\cygwin\usr\local\bin;C:\cygwin\bin;C:\cygwin\bin;C:\Program Files (x86)\Haskell\bin;C:\Program Files (x86)\Haskell Platform\2013.2.0.0\lib\extralibs\bin;C:\Program Files (x86)\Haskell Platform\2013.2.0.0\bin;C:\development\tools\mule\mule-standalone-3.3.1\bin;C:\Program Files (x86)\Ruby192\bin;C:\java\subversion\;C:\Program Files (x86)\Attachmate\Reflection\;C:\development\tools\java\sdk\jdk32_1.6.0_33\bin;C:\tedwork\maven\apache-maven-3.0.5\bin;C:\development\tools\groovy\groovy-2.0.5\bin;%RUBY_HOME%\bin;C:\java\ProgrammerTools\bin;C:\Windows\system32;C:\Windows;C:\Windows\System32\Wbem;C:\Windows\System32\WindowsPowerShell\v1.0\;C:\Program Files (x86)\ATI Technologies\ATI.ACE\Core-Static;C:\java\ant\apache-ant-1.6.5\bin;C:\Program Files\Microsoft SQL Server\100\DTS\Binn\;C:\Program Files (x86)\Microsoft SQL Server\90\Tools\binn\;C:\java\Perforce;C:\Program Files (x86)\Symantec\VIP Access Client\;C:\development\tools\groovy\groovy-2.0.5;C:\Program Files (x86)\Git\cmd;C:\Program Files (x86)\Microsoft SQL Server\100\Tools\Binn\;C:\Program Files\Microsoft SQL Server\100\Tools\Binn\;C:\Program Files (x86)\Microsoft SQL Server\100\Tools\Binn\VSShell\Common7\IDE\;C:\Program Files (x86)\Microsoft Visual Studio 9.0\Common7\IDE\PrivateAssemblies\;C:\Program Files (x86)\Microsoft SQL Server\100\DTS\Binn\;C:\Program Files (x86)\Haskell Platform\2013.2.0.0\mingw\bin;."/>
    <property name="java.specification.name" value="Java Platform API Specification"/>
    <property name="java.class.version" value="50.0"/>
    <property name="sun.management.compiler" value="HotSpot Client Compiler"/>
    <property name="os.version" value="6.1"/>
    <property name="user.home" value="C:\Users\pair8"/>
    <property name="user.timezone" value="America/Chicago"/>
    <property name="java.awt.printerjob" value="sun.awt.windows.WPrinterJob"/>
    <property name="file.encoding" value="Cp1252"/>
    <property name="java.specification.version" value="1.6"/>
    <property name="user.name" value="pair8"/>
    <property name="java.class.path" value="C:\tedwork\maven\apache-maven-3.0.5/boot/plexus-classworlds-2.4.jar"/>
    <property name="java.vm.specification.version" value="1.0"/>
    <property name="sun.arch.data.model" value="32"/>
    <property name="java.home" value="C:\development\tools\java\sdk\jdk32_1.6.0_33\jre"/>
    <property name="sun.java.command" value="org.codehaus.plexus.classworlds.launcher.Launcher clean install"/>
    <property name="java.specification.vendor" value="Sun Microsystems Inc."/>
    <property name="user.language" value="en"/>
    <property name="awt.toolkit" value="sun.awt.windows.WToolkit"/>
    <property name="java.vm.info" value="mixed mode"/>
    <property name="java.version" value="1.6.0_33"/>
    <property name="java.ext.dirs" value="C:\development\tools\java\sdk\jdk32_1.6.0_33\jre\lib\ext;C:\Windows\Sun\Java\lib\ext"/>
    <property name="sun.boot.class.path" value="C:\development\tools\java\sdk\jdk32_1.6.0_33\jre\lib\resources.jar;C:\development\tools\java\sdk\jdk32_1.6.0_33\jre\lib\rt.jar;C:\development\tools\java\sdk\jdk32_1.6.0_33\jre\lib\sunrsasign.jar;C:\development\tools\java\sdk\jdk32_1.6.0_33\jre\lib\jsse.jar;C:\development\tools\java\sdk\jdk32_1.6.0_33\jre\lib\jce.jar;C:\development\tools\java\sdk\jdk32_1.6.0_33\jre\lib\charsets.jar;C:\development\tools\java\sdk\jdk32_1.6.0_33\jre\lib\modules\jdk.boot.jar;C:\development\tools\java\sdk\jdk32_1.6.0_33\jre\classes"/>
    <property name="java.vendor" value="Sun Microsystems Inc."/>
    <property name="maven.home" value="C:\tedwork\maven\apache-maven-3.0.5"/>
    <property name="file.separator" value="\"/>
    <property name="java.vendor.url.bug" value="http://java.sun.com/cgi-bin/bugreport.cgi"/>
    <property name="sun.cpu.endian" value="little"/>
    <property name="sun.io.unicode.encoding" value="UnicodeLittle"/>
    <property name="sun.desktop" value="windows"/>
    <property name="sun.cpu.isalist" value="pentium_pro+mmx pentium_pro pentium+mmx pentium i486 i386 i86"/>
  </properties>
  <testcase name="load" classname="org.tbulens.file.upload.util.ContextLoadingTest" time="0.859"/>
</testsuite>